2023-10-25 15:40:03,120 [trainer.py] => config: ./configs/foster_caf22ft1k_384_cs701_lr1e-3+20_lr1e-3+30_mpc25_bs16.json
2023-10-25 15:40:03,121 [trainer.py] => config_id: foster_caf22ft1k_384_cs701_lr1e-3+20_lr1e-3+30_mpc25_bs16
2023-10-25 15:40:03,121 [trainer.py] => prefix: cil
2023-10-25 15:40:03,121 [trainer.py] => dataset: cs701
2023-10-25 15:40:03,121 [trainer.py] => memory_size: 2000
2023-10-25 15:40:03,121 [trainer.py] => memory_per_class: 25
2023-10-25 15:40:03,121 [trainer.py] => fixed_memory: True
2023-10-25 15:40:03,121 [trainer.py] => shuffle: False
2023-10-25 15:40:03,121 [trainer.py] => init_cls: 10
2023-10-25 15:40:03,121 [trainer.py] => increment: 10
2023-10-25 15:40:03,121 [trainer.py] => model_name: foster
2023-10-25 15:40:03,121 [trainer.py] => backbone_type: caformer_m36.sail_in22k_ft_in1k_384
2023-10-25 15:40:03,121 [trainer.py] => img_size: 384
2023-10-25 15:40:03,121 [trainer.py] => device: [device(type='cuda', index=0)]
2023-10-25 15:40:03,121 [trainer.py] => seed: 42
2023-10-25 15:40:03,121 [trainer.py] => beta1: 0.96
2023-10-25 15:40:03,121 [trainer.py] => beta2: 0.97
2023-10-25 15:40:03,121 [trainer.py] => oofc: ft
2023-10-25 15:40:03,121 [trainer.py] => is_teacher_wa: False
2023-10-25 15:40:03,121 [trainer.py] => is_student_wa: False
2023-10-25 15:40:03,121 [trainer.py] => lambda_okd: 1
2023-10-25 15:40:03,121 [trainer.py] => wa_value: 1
2023-10-25 15:40:03,121 [trainer.py] => init_epochs: 20
2023-10-25 15:40:03,121 [trainer.py] => init_lr: 0.001
2023-10-25 15:40:03,121 [trainer.py] => init_weight_decay: 0.0005
2023-10-25 15:40:03,121 [trainer.py] => boosting_epochs: 30
2023-10-25 15:40:03,122 [trainer.py] => compression_epochs: 20
2023-10-25 15:40:03,122 [trainer.py] => lr: 0.001
2023-10-25 15:40:03,122 [trainer.py] => batch_size: 16
2023-10-25 15:40:03,122 [trainer.py] => weight_decay: 0.0005
2023-10-25 15:40:03,122 [trainer.py] => num_workers: 8
2023-10-25 15:40:03,122 [trainer.py] => T: 2
2023-10-25 15:40:03,731 [data_manager.py] => [0, 1, 2, 3, 4, 5, 6, 7, 8, 9, 10, 11, 12, 13, 14, 15, 16, 17, 18, 19, 20, 21, 22, 23, 24, 25, 26, 27, 28, 29, 30, 31, 32, 33, 34, 35, 36, 37, 38, 39, 40, 41, 42, 43, 44, 45, 46, 47, 48, 49, 50, 51, 52, 53, 54, 55, 56, 57, 58, 59, 60, 61, 62, 63, 64, 65, 66, 67, 68, 69, 70, 71, 72, 73, 74, 75, 76, 77, 78, 79, 80, 81, 82, 83, 84, 85, 86, 87, 88, 89, 90, 91, 92, 93, 94, 95, 96, 97, 98, 99, 100, 101, 102, 103, 104, 105, 106, 107, 108, 109, 110, 111, 112, 113, 114, 115, 116, 117, 118, 119, 120, 121, 122, 123, 124, 125, 126, 127, 128, 129, 130, 131, 132, 133, 134, 135, 136, 137, 138, 139, 140, 141, 142, 143, 144, 145, 146, 147, 148, 149, 150, 151, 152, 153, 154, 155, 156, 157, 158, 159, 160, 161, 162, 163, 164, 165, 166, 167, 168, 169, 170, 171, 172, 173, 174, 175, 176, 177, 178, 179, 180, 181, 182, 183, 184, 185, 186, 187, 188, 189, 190, 191, 192, 193, 194, 195, 196, 197, 198, 199]
2023-10-25 15:40:09,410 [trainer.py] => All params: 0
2023-10-25 15:40:09,410 [trainer.py] => Trainable params: 0
2023-10-25 15:40:10,105 [_builder.py] => Loading pretrained weights from Hugging Face hub (timm/caformer_m36.sail_in22k_ft_in1k_384)
2023-10-25 15:40:10,571 [_hub.py] => [timm/caformer_m36.sail_in22k_ft_in1k_384] Safe alternative available for 'pytorch_model.bin' (as 'model.safetensors'). Loading weights using safetensors.
2023-10-25 15:40:11,348 [foster.py] => Learning on 0-10
2023-10-25 15:40:11,349 [foster.py] => All params: 52577402
2023-10-25 15:40:11,351 [foster.py] => Trainable params: 52577402
  0%|          | 0/20 [00:00<?, ?it/s]Task 0, Epoch 1/20 => Loss 1.638, Train_accy 44.90, Test_accy 93.10:   0%|          | 0/20 [00:27<?, ?it/s]Task 0, Epoch 1/20 => Loss 1.638, Train_accy 44.90, Test_accy 93.10:   5%|▌         | 1/20 [00:27<08:39, 27.32s/it]======================================================================================

			Resource Usage on 2023-10-25 15:40:57.735590:

	JobId: 4120108.pbs101  
	Project: 21026844 
	Exit Status: 271
	NCPUs Requested: 16				NCPUs Used: 16
							CPU Time Used: 00:00:44
	Memory Requested: 110gb 			Memory Used: 6553188kb
							Vmem Used: 340828792kb
	Walltime requested: 24:00:00 			Walltime Used: 00:01:35
	
	Execution Nodes Used: (x1000c1s1b0n1:ngpus=1:ncpus=16:mem=115343360kb)
	
 ======================================================================================
