2023-10-25 14:19:29,051 [trainer.py] => config: ./configs/foster_caf22ft1k_384_cs701_lr1e-3_mpc25_bs16.json
2023-10-25 14:19:29,053 [trainer.py] => config_id: foster_caf22ft1k_384_cs701_lr1e-3_mpc25_bs16
2023-10-25 14:19:29,053 [trainer.py] => prefix: cil
2023-10-25 14:19:29,053 [trainer.py] => dataset: cs701
2023-10-25 14:19:29,053 [trainer.py] => memory_size: 2000
2023-10-25 14:19:29,053 [trainer.py] => memory_per_class: 25
2023-10-25 14:19:29,053 [trainer.py] => fixed_memory: True
2023-10-25 14:19:29,053 [trainer.py] => shuffle: False
2023-10-25 14:19:29,053 [trainer.py] => init_cls: 10
2023-10-25 14:19:29,053 [trainer.py] => increment: 10
2023-10-25 14:19:29,053 [trainer.py] => model_name: foster
2023-10-25 14:19:29,053 [trainer.py] => backbone_type: caformer_m36.sail_in22k_ft_in1k_384
2023-10-25 14:19:29,053 [trainer.py] => img_size: 384
2023-10-25 14:19:29,053 [trainer.py] => device: [device(type='cuda', index=0)]
2023-10-25 14:19:29,053 [trainer.py] => seed: 42
2023-10-25 14:19:29,053 [trainer.py] => beta1: 0.96
2023-10-25 14:19:29,053 [trainer.py] => beta2: 0.97
2023-10-25 14:19:29,053 [trainer.py] => oofc: ft
2023-10-25 14:19:29,054 [trainer.py] => is_teacher_wa: False
2023-10-25 14:19:29,054 [trainer.py] => is_student_wa: False
2023-10-25 14:19:29,054 [trainer.py] => lambda_okd: 1
2023-10-25 14:19:29,054 [trainer.py] => wa_value: 1
2023-10-25 14:19:29,054 [trainer.py] => init_epochs: 20
2023-10-25 14:19:29,054 [trainer.py] => init_lr: 0.001
2023-10-25 14:19:29,054 [trainer.py] => init_weight_decay: 0.0005
2023-10-25 14:19:29,054 [trainer.py] => boosting_epochs: 20
2023-10-25 14:19:29,054 [trainer.py] => compression_epochs: 20
2023-10-25 14:19:29,054 [trainer.py] => lr: 0.001
2023-10-25 14:19:29,054 [trainer.py] => batch_size: 16
2023-10-25 14:19:29,054 [trainer.py] => weight_decay: 0.0005
2023-10-25 14:19:29,054 [trainer.py] => num_workers: 8
2023-10-25 14:19:29,054 [trainer.py] => T: 2
2023-10-25 14:19:29,123 [data_manager.py] => [0, 1, 2, 3, 4, 5, 6, 7, 8, 9, 10, 11, 12, 13, 14, 15, 16, 17, 18, 19, 20, 21, 22, 23, 24, 25, 26, 27, 28, 29, 30, 31, 32, 33, 34, 35, 36, 37, 38, 39, 40, 41, 42, 43, 44, 45, 46, 47, 48, 49, 50, 51, 52, 53, 54, 55, 56, 57, 58, 59, 60, 61, 62, 63, 64, 65, 66, 67, 68, 69, 70, 71, 72, 73, 74, 75, 76, 77, 78, 79, 80, 81, 82, 83, 84, 85, 86, 87, 88, 89, 90, 91, 92, 93, 94, 95, 96, 97, 98, 99, 100, 101, 102, 103, 104, 105, 106, 107, 108, 109, 110, 111, 112, 113, 114, 115, 116, 117, 118, 119, 120, 121, 122, 123, 124, 125, 126, 127, 128, 129, 130, 131, 132, 133, 134, 135, 136, 137, 138, 139, 140, 141, 142, 143, 144, 145, 146, 147, 148, 149, 150, 151, 152, 153, 154, 155, 156, 157, 158, 159, 160, 161, 162, 163, 164, 165, 166, 167, 168, 169, 170, 171, 172, 173, 174, 175, 176, 177, 178, 179, 180, 181, 182, 183, 184, 185, 186, 187, 188, 189, 190, 191, 192, 193, 194, 195, 196, 197, 198, 199]
Traceback (most recent call last):
  File "/home/users/smu/zichent1/study/pilot/main.py", line 41, in <module>
    main()
  File "/home/users/smu/zichent1/study/pilot/main.py", line 12, in main
    train(args)
  File "/home/users/smu/zichent1/study/pilot/trainer.py", line 18, in train
    _train(args)
  File "/home/users/smu/zichent1/study/pilot/trainer.py", line 60, in _train
    model = factory.get_model(args["model_name"], args)
  File "/home/users/smu/zichent1/study/pilot/utils/factory.py", line 28, in get_model
    from models.foster import Learner
  File "/home/users/smu/zichent1/study/pilot/models/foster.py", line 9, in <module>
    from models.base import BaseLearner
  File "/home/users/smu/zichent1/study/pilot/models/base.py", line 8, in <module>
    from scipy.spatial.distance import cdist
ModuleNotFoundError: No module named 'scipy'
======================================================================================

			Resource Usage on 2023-10-25 14:19:29.398124:

	JobId: 4098821.pbs101  
	Project: 21026844 
	Exit Status: 1
	NCPUs Requested: 16				NCPUs Used: 16
							CPU Time Used: 00:00:00
	Memory Requested: 110gb 			Memory Used: 0b
							Vmem Used: 40392kb
	Walltime requested: 24:00:00 			Walltime Used: 00:00:08
	
	Execution Nodes Used: (x1000c0s2b0n1:ngpus=1:ncpus=16:mem=115343360kb)
	
 ======================================================================================
